# JRE version: OpenJDK Runtime Environment (11.0.10) (build 11.0.10+0-b96-7249189)
# Java VM: OpenJDK 64-Bit Server VM (11.0.10+0-b96-7249189, mixed mode, tiered, compressed oops, g1 gc, windows-amd64)
Heap:
 garbage-first heap   total 443392K, used 283015K [0x0000000080000000, 0x0000000100000000)
  region size 1024K, 39 young (39936K), 8 survivors (8192K)
 Metaspace       used 149677K, capacity 153368K, committed 153600K, reserved 1183744K
  class space    used 18699K, capacity 20123K, committed 20224K, reserved 1048576K
GC Heap History (20 events):
Event: 2423.928 GC heap before
{Heap before GC invocations=44 (full 0):
 garbage-first heap   total 273408K, used 217728K [0x0000000080000000, 0x0000000100000000)
  region size 1024K, 40 young (40960K), 2 survivors (2048K)
 Metaspace       used 134116K, capacity 137028K, committed 137216K, reserved 1169408K
  class space    used 16663K, capacity 17789K, committed 17920K, reserved 1048576K
}
Event: 2423.964 GC heap after
{Heap after GC invocations=45 (full 0):
 garbage-first heap   total 273408K, used 197632K [0x0000000080000000, 0x0000000100000000)
  region size 1024K, 5 young (5120K), 5 survivors (5120K)
 Metaspace       used 134116K, capacity 137028K, committed 137216K, reserved 1169408K
  class space    used 16663K, capacity 17789K, committed 17920K, reserved 1048576K
}
Event: 2424.430 GC heap before
{Heap before GC invocations=45 (full 0):
 garbage-first heap   total 273408K, used 222208K [0x0000000080000000, 0x0000000100000000)
  region size 1024K, 29 young (29696K), 5 survivors (5120K)
 Metaspace       used 135924K, capacity 139002K, committed 139264K, reserved 1171456K
  class space    used 16936K, capacity 18101K, committed 18176K, reserved 1048576K
}
Event: 2424.465 GC heap after
{Heap after GC invocations=46 (full 0):
 garbage-first heap   total 443392K, used 202525K [0x0000000080000000, 0x0000000100000000)
  region size 1024K, 4 young (4096K), 4 survivors (4096K)
 Metaspace       used 135924K, capacity 139002K, committed 139264K, reserved 1171456K
  class space    used 16936K, capacity 18101K, committed 18176K, reserved 1048576K
}
Event: 2425.499 GC heap before
{Heap before GC invocations=46 (full 0):
 garbage-first heap   total 443392K, used 268061K [0x0000000080000000, 0x0000000100000000)
  region size 1024K, 66 young (67584K), 4 survivors (4096K)
 Metaspace       used 136459K, capacity 139597K, committed 139904K, reserved 1171456K
  class space    used 16995K, capacity 18205K, committed 18304K, reserved 1048576K
}
Event: 2425.534 GC heap after
{Heap after GC invocations=47 (full 0):
 garbage-first heap   total 443392K, used 210792K [0x0000000080000000, 0x0000000100000000)
  region size 1024K, 9 young (9216K), 9 survivors (9216K)
 Metaspace       used 136459K, capacity 139597K, committed 139904K, reserved 1171456K
  class space    used 16995K, capacity 18205K, committed 18304K, reserved 1048576K
}
Event: 2426.850 GC heap before
{Heap before GC invocations=47 (full 0):
 garbage-first heap   total 443392K, used 300904K [0x0000000080000000, 0x0000000100000000)
  region size 1024K, 82 young (83968K), 9 survivors (9216K)
 Metaspace       used 137006K, capacity 140160K, committed 140416K, reserved 1171456K
  class space    used 17057K, capacity 18280K, committed 18304K, reserved 1048576K
}
Event: 2426.897 GC heap after
{Heap after GC invocations=48 (full 0):
 garbage-first heap   total 443392K, used 233939K [0x0000000080000000, 0x0000000100000000)
  region size 1024K, 9 young (9216K), 9 survivors (9216K)
 Metaspace       used 137006K, capacity 140160K, committed 140416K, reserved 1171456K
  class space    used 17057K, capacity 18280K, committed 18304K, reserved 1048576K
}
Event: 2427.471 GC heap before
{Heap before GC invocations=48 (full 0):
 garbage-first heap   total 443392K, used 325075K [0x0000000080000000, 0x0000000100000000)
  region size 1024K, 89 young (91136K), 9 survivors (9216K)
 Metaspace       used 137891K, capacity 141076K, committed 141312K, reserved 1171456K
  class space    used 17140K, capacity 18350K, committed 18432K, reserved 1048576K
}
Event: 2427.496 GC heap after
{Heap after GC invocations=49 (full 0):
 garbage-first heap   total 443392K, used 252158K [0x0000000080000000, 0x0000000100000000)
  region size 1024K, 10 young (10240K), 10 survivors (10240K)
 Metaspace       used 137891K, capacity 141076K, committed 141312K, reserved 1171456K
  class space    used 17140K, capacity 18350K, committed 18432K, reserved 1048576K
}
Event: 2428.278 GC heap before
{Heap before GC invocations=49 (full 0):
 garbage-first heap   total 443392K, used 333054K [0x0000000080000000, 0x0000000100000000)
  region size 1024K, 88 young (90112K), 10 survivors (10240K)
 Metaspace       used 138691K, capacity 141812K, committed 141824K, reserved 1173504K
  class space    used 17209K, capacity 18432K, committed 18432K, reserved 1048576K
}
Event: 2428.295 GC heap after
{Heap after GC invocations=50 (full 0):
 garbage-first heap   total 443392K, used 247133K [0x0000000080000000, 0x0000000100000000)
  region size 1024K, 4 young (4096K), 4 survivors (4096K)
 Metaspace       used 138691K, capacity 141812K, committed 141824K, reserved 1173504K
  class space    used 17209K, capacity 18432K, committed 18432K, reserved 1048576K
}
Event: 2428.644 GC heap before
{Heap before GC invocations=50 (full 0):
 garbage-first heap   total 443392K, used 335197K [0x0000000080000000, 0x0000000100000000)
  region size 1024K, 90 young (92160K), 4 survivors (4096K)
 Metaspace       used 138691K, capacity 141812K, committed 141824K, reserved 1173504K
  class space    used 17209K, capacity 18432K, committed 18432K, reserved 1048576K
}
Event: 2428.652 GC heap after
{Heap after GC invocations=51 (full 0):
 garbage-first heap   total 443392K, used 248391K [0x0000000080000000, 0x0000000100000000)
  region size 1024K, 5 young (5120K), 5 survivors (5120K)
 Metaspace       used 138691K, capacity 141812K, committed 141824K, reserved 1173504K
  class space    used 17209K, capacity 18432K, committed 18432K, reserved 1048576K
}
Event: 2441.226 GC heap before
{Heap before GC invocations=51 (full 0):
 garbage-first heap   total 443392K, used 344647K [0x0000000080000000, 0x0000000100000000)
  region size 1024K, 97 young (99328K), 5 survivors (5120K)
 Metaspace       used 141178K, capacity 144668K, committed 144896K, reserved 1175552K
  class space    used 17599K, capacity 18934K, committed 18944K, reserved 1048576K
}
Event: 2441.240 GC heap after
{Heap after GC invocations=52 (full 0):
 garbage-first heap   total 443392K, used 247583K [0x0000000080000000, 0x0000000100000000)
  region size 1024K, 4 young (4096K), 4 survivors (4096K)
 Metaspace       used 141178K, capacity 144668K, committed 144896K, reserved 1175552K
  class space    used 17599K, capacity 18934K, committed 18944K, reserved 1048576K
}
Event: 2441.825 GC heap before
{Heap before GC invocations=52 (full 0):
 garbage-first heap   total 443392K, used 348959K [0x0000000080000000, 0x0000000100000000)
  region size 1024K, 103 young (105472K), 4 survivors (4096K)
 Metaspace       used 141206K, capacity 144734K, committed 144896K, reserved 1175552K
  class space    used 17601K, capacity 18935K, committed 18944K, reserved 1048576K
}
Event: 2441.833 GC heap after
{Heap after GC invocations=53 (full 0):
 garbage-first heap   total 443392K, used 248123K [0x0000000080000000, 0x0000000100000000)
  region size 1024K, 5 young (5120K), 5 survivors (5120K)
 Metaspace       used 141206K, capacity 144734K, committed 144896K, reserved 1175552K
  class space    used 17601K, capacity 18935K, committed 18944K, reserved 1048576K
}
Event: 2443.792 GC heap before
{Heap before GC invocations=53 (full 0):
 garbage-first heap   total 443392K, used 355643K [0x0000000080000000, 0x0000000100000000)
  region size 1024K, 109 young (111616K), 5 survivors (5120K)
 Metaspace       used 148707K, capacity 152393K, committed 152704K, reserved 1181696K
  class space    used 18572K, capacity 19997K, committed 20096K, reserved 1048576K
}
Event: 2443.808 GC heap after
{Heap after GC invocations=54 (full 0):
 garbage-first heap   total 443392K, used 251271K [0x0000000080000000, 0x0000000100000000)
  region size 1024K, 8 young (8192K), 8 survivors (8192K)
 Metaspace       used 148707K, capacity 152393K, committed 152704K, reserved 1181696K
  class space    used 18572K, capacity 19997K, committed 20096K, reserved 1048576K
}

