# JRE version: OpenJDK Runtime Environment (11.0.10) (build 11.0.10+0-b96-7249189)
# Java VM: OpenJDK 64-Bit Server VM (11.0.10+0-b96-7249189, mixed mode, tiered, compressed oops, g1 gc, windows-amd64)
Heap:
 garbage-first heap   total 425984K, used 266941K [0x0000000080000000, 0x0000000100000000)
  region size 1024K, 26 young (26624K), 10 survivors (10240K)
 Metaspace       used 151523K, capacity 155513K, committed 155820K, reserved 1185792K
  class space    used 19022K, capacity 20492K, committed 20608K, reserved 1048576K
GC Heap History (20 events):
Event: 83.784 GC heap before
{Heap before GC invocations=45 (full 0):
 garbage-first heap   total 273408K, used 226304K [0x0000000080000000, 0x0000000100000000)
  region size 1024K, 22 young (22528K), 4 survivors (4096K)
 Metaspace       used 138543K, capacity 141991K, committed 142124K, reserved 1173504K
  class space    used 17353K, capacity 18619K, committed 18688K, reserved 1048576K
}
Event: 83.807 GC heap after
{Heap after GC invocations=46 (full 0):
 garbage-first heap   total 273408K, used 214528K [0x0000000080000000, 0x0000000100000000)
  region size 1024K, 3 young (3072K), 3 survivors (3072K)
 Metaspace       used 138543K, capacity 141991K, committed 142124K, reserved 1173504K
  class space    used 17353K, capacity 18619K, committed 18688K, reserved 1048576K
}
Event: 84.269 GC heap before
{Heap before GC invocations=47 (full 0):
 garbage-first heap   total 273408K, used 228864K [0x0000000080000000, 0x0000000100000000)
  region size 1024K, 18 young (18432K), 3 survivors (3072K)
 Metaspace       used 139040K, capacity 142605K, committed 142764K, reserved 1173504K
  class space    used 17442K, capacity 18759K, committed 18816K, reserved 1048576K
}
Event: 84.294 GC heap after
{Heap after GC invocations=48 (full 0):
 garbage-first heap   total 328704K, used 217087K [0x0000000080000000, 0x0000000100000000)
  region size 1024K, 2 young (2048K), 2 survivors (2048K)
 Metaspace       used 139040K, capacity 142605K, committed 142764K, reserved 1173504K
  class space    used 17442K, capacity 18759K, committed 18816K, reserved 1048576K
}
Event: 84.476 GC heap before
{Heap before GC invocations=48 (full 0):
 garbage-first heap   total 328704K, used 231423K [0x0000000080000000, 0x0000000100000000)
  region size 1024K, 16 young (16384K), 2 survivors (2048K)
 Metaspace       used 139301K, capacity 142894K, committed 143020K, reserved 1173504K
  class space    used 17478K, capacity 18789K, committed 18816K, reserved 1048576K
}
Event: 84.489 GC heap after
{Heap after GC invocations=49 (full 0):
 garbage-first heap   total 328704K, used 218915K [0x0000000080000000, 0x0000000100000000)
  region size 1024K, 2 young (2048K), 2 survivors (2048K)
 Metaspace       used 139301K, capacity 142894K, committed 143020K, reserved 1173504K
  class space    used 17478K, capacity 18789K, committed 18816K, reserved 1048576K
}
Event: 85.014 GC heap before
{Heap before GC invocations=49 (full 0):
 garbage-first heap   total 328704K, used 253731K [0x0000000080000000, 0x0000000100000000)
  region size 1024K, 35 young (35840K), 2 survivors (2048K)
 Metaspace       used 139565K, capacity 143166K, committed 143404K, reserved 1173504K
  class space    used 17502K, capacity 18831K, committed 18944K, reserved 1048576K
}
Event: 85.031 GC heap after
{Heap after GC invocations=50 (full 0):
 garbage-first heap   total 328704K, used 223364K [0x0000000080000000, 0x0000000100000000)
  region size 1024K, 5 young (5120K), 5 survivors (5120K)
 Metaspace       used 139565K, capacity 143166K, committed 143404K, reserved 1173504K
  class space    used 17502K, capacity 18831K, committed 18944K, reserved 1048576K
}
Event: 86.255 GC heap before
{Heap before GC invocations=51 (full 0):
 garbage-first heap   total 328704K, used 257156K [0x0000000080000000, 0x0000000100000000)
  region size 1024K, 39 young (39936K), 5 survivors (5120K)
 Metaspace       used 140260K, capacity 143942K, committed 144172K, reserved 1175552K
  class space    used 17578K, capacity 18915K, committed 18944K, reserved 1048576K
}
Event: 86.286 GC heap after
{Heap after GC invocations=52 (full 0):
 garbage-first heap   total 328704K, used 226852K [0x0000000080000000, 0x0000000100000000)
  region size 1024K, 5 young (5120K), 5 survivors (5120K)
 Metaspace       used 140260K, capacity 143942K, committed 144172K, reserved 1175552K
  class space    used 17578K, capacity 18915K, committed 18944K, reserved 1048576K
}
Event: 86.390 GC heap before
{Heap before GC invocations=52 (full 0):
 garbage-first heap   total 328704K, used 237092K [0x0000000080000000, 0x0000000100000000)
  region size 1024K, 16 young (16384K), 5 survivors (5120K)
 Metaspace       used 140300K, capacity 143942K, committed 144172K, reserved 1175552K
  class space    used 17582K, capacity 18915K, committed 18944K, reserved 1048576K
}
Event: 86.425 GC heap after
{Heap after GC invocations=53 (full 0):
 garbage-first heap   total 328704K, used 220160K [0x0000000080000000, 0x0000000100000000)
  region size 1024K, 2 young (2048K), 2 survivors (2048K)
 Metaspace       used 140300K, capacity 143942K, committed 144172K, reserved 1175552K
  class space    used 17582K, capacity 18915K, committed 18944K, reserved 1048576K
}
Event: 86.932 GC heap before
{Heap before GC invocations=53 (full 0):
 garbage-first heap   total 328704K, used 258048K [0x0000000080000000, 0x0000000100000000)
  region size 1024K, 39 young (39936K), 2 survivors (2048K)
 Metaspace       used 140938K, capacity 144624K, committed 144812K, reserved 1175552K
  class space    used 17656K, capacity 18990K, committed 19072K, reserved 1048576K
}
Event: 86.950 GC heap after
{Heap after GC invocations=54 (full 0):
 garbage-first heap   total 425984K, used 222627K [0x0000000080000000, 0x0000000100000000)
  region size 1024K, 4 young (4096K), 4 survivors (4096K)
 Metaspace       used 140938K, capacity 144624K, committed 144812K, reserved 1175552K
  class space    used 17656K, capacity 18990K, committed 19072K, reserved 1048576K
}
Event: 87.749 GC heap before
{Heap before GC invocations=54 (full 0):
 garbage-first heap   total 425984K, used 299427K [0x0000000080000000, 0x0000000100000000)
  region size 1024K, 72 young (73728K), 4 survivors (4096K)
 Metaspace       used 142163K, capacity 145838K, committed 145964K, reserved 1175552K
  class space    used 17830K, capacity 19176K, committed 19200K, reserved 1048576K
}
Event: 87.768 GC heap after
{Heap after GC invocations=55 (full 0):
 garbage-first heap   total 425984K, used 239173K [0x0000000080000000, 0x0000000100000000)
  region size 1024K, 9 young (9216K), 9 survivors (9216K)
 Metaspace       used 142163K, capacity 145838K, committed 145964K, reserved 1175552K
  class space    used 17830K, capacity 19176K, committed 19200K, reserved 1048576K
}
Event: 90.959 GC heap before
{Heap before GC invocations=55 (full 0):
 garbage-first heap   total 425984K, used 315973K [0x0000000080000000, 0x0000000100000000)
  region size 1024K, 76 young (77824K), 9 survivors (9216K)
 Metaspace       used 143567K, capacity 147418K, committed 147500K, reserved 1177600K
  class space    used 18027K, capacity 19446K, committed 19456K, reserved 1048576K
}
Event: 90.976 GC heap after
{Heap after GC invocations=56 (full 0):
 garbage-first heap   total 425984K, used 243109K [0x0000000080000000, 0x0000000100000000)
  region size 1024K, 4 young (4096K), 4 survivors (4096K)
 Metaspace       used 143567K, capacity 147418K, committed 147500K, reserved 1177600K
  class space    used 18027K, capacity 19446K, committed 19456K, reserved 1048576K
}
Event: 115.705 GC heap before
{Heap before GC invocations=56 (full 0):
 garbage-first heap   total 425984K, used 316837K [0x0000000080000000, 0x0000000100000000)
  region size 1024K, 75 young (76800K), 4 survivors (4096K)
 Metaspace       used 150828K, capacity 154755K, committed 154924K, reserved 1183744K
  class space    used 18949K, capacity 20390K, committed 20480K, reserved 1048576K
}
Event: 115.728 GC heap after
{Heap after GC invocations=57 (full 0):
 garbage-first heap   total 425984K, used 251581K [0x0000000080000000, 0x0000000100000000)
  region size 1024K, 10 young (10240K), 10 survivors (10240K)
 Metaspace       used 150828K, capacity 154755K, committed 154924K, reserved 1183744K
  class space    used 18949K, capacity 20390K, committed 20480K, reserved 1048576K
}

