# JRE version: OpenJDK Runtime Environment (11.0.10) (build 11.0.10+0-b96-7249189)
# Java VM: OpenJDK 64-Bit Server VM (11.0.10+0-b96-7249189, mixed mode, tiered, compressed oops, g1 gc, windows-amd64)
Heap:
 garbage-first heap   total 157696K, used 65663K [0x0000000080000000, 0x0000000100000000)
  region size 1024K, 31 young (31744K), 10 survivors (10240K)
 Metaspace       used 49412K, capacity 50771K, committed 51024K, reserved 1095680K
  class space    used 6283K, capacity 6762K, committed 6784K, reserved 1048576K
GC Heap History (20 events):
Event: 1.757 GC heap before
{Heap before GC invocations=1 (full 0):
 garbage-first heap   total 131072K, used 20440K [0x0000000080000000, 0x0000000100000000)
  region size 1024K, 14 young (14336K), 2 survivors (2048K)
 Metaspace       used 10221K, capacity 10489K, committed 10624K, reserved 1058816K
  class space    used 1064K, capacity 1139K, committed 1152K, reserved 1048576K
}
Event: 1.763 GC heap after
{Heap after GC invocations=2 (full 0):
 garbage-first heap   total 131072K, used 9534K [0x0000000080000000, 0x0000000100000000)
  region size 1024K, 2 young (2048K), 2 survivors (2048K)
 Metaspace       used 10221K, capacity 10489K, committed 10624K, reserved 1058816K
  class space    used 1064K, capacity 1139K, committed 1152K, reserved 1048576K
}
Event: 2.664 GC heap before
{Heap before GC invocations=2 (full 0):
 garbage-first heap   total 131072K, used 40254K [0x0000000080000000, 0x0000000100000000)
  region size 1024K, 32 young (32768K), 2 survivors (2048K)
 Metaspace       used 11159K, capacity 11442K, committed 11520K, reserved 1058816K
  class space    used 1166K, capacity 1243K, committed 1280K, reserved 1048576K
}
Event: 2.670 GC heap after
{Heap after GC invocations=3 (full 0):
 garbage-first heap   total 131072K, used 11841K [0x0000000080000000, 0x0000000100000000)
  region size 1024K, 4 young (4096K), 4 survivors (4096K)
 Metaspace       used 11159K, capacity 11442K, committed 11520K, reserved 1058816K
  class space    used 1166K, capacity 1243K, committed 1280K, reserved 1048576K
}
Event: 4.780 GC heap before
{Heap before GC invocations=3 (full 0):
 garbage-first heap   total 131072K, used 74305K [0x0000000080000000, 0x0000000100000000)
  region size 1024K, 65 young (66560K), 4 survivors (4096K)
 Metaspace       used 20384K, capacity 20847K, committed 21120K, reserved 1067008K
  class space    used 2482K, capacity 2647K, committed 2688K, reserved 1048576K
}
Event: 4.789 GC heap after
{Heap after GC invocations=4 (full 0):
 garbage-first heap   total 131072K, used 17162K [0x0000000080000000, 0x0000000100000000)
  region size 1024K, 9 young (9216K), 9 survivors (9216K)
 Metaspace       used 20384K, capacity 20847K, committed 21120K, reserved 1067008K
  class space    used 2482K, capacity 2647K, committed 2688K, reserved 1048576K
}
Event: 4.816 GC heap before
{Heap before GC invocations=4 (full 0):
 garbage-first heap   total 131072K, used 18186K [0x0000000080000000, 0x0000000100000000)
  region size 1024K, 11 young (11264K), 9 survivors (9216K)
 Metaspace       used 20526K, capacity 21124K, committed 21296K, reserved 1069056K
  class space    used 2499K, capacity 2658K, committed 2688K, reserved 1048576K
}
Event: 4.826 GC heap after
{Heap after GC invocations=5 (full 0):
 garbage-first heap   total 131072K, used 17700K [0x0000000080000000, 0x0000000100000000)
  region size 1024K, 1 young (1024K), 1 survivors (1024K)
 Metaspace       used 20526K, capacity 21124K, committed 21296K, reserved 1069056K
  class space    used 2499K, capacity 2658K, committed 2688K, reserved 1048576K
}
Event: 5.854 GC heap before
{Heap before GC invocations=6 (full 0):
 garbage-first heap   total 131072K, used 69924K [0x0000000080000000, 0x0000000100000000)
  region size 1024K, 53 young (54272K), 1 survivors (1024K)
 Metaspace       used 25902K, capacity 26555K, committed 26752K, reserved 1073152K
  class space    used 3382K, capacity 3601K, committed 3712K, reserved 1048576K
}
Event: 5.859 GC heap after
{Heap after GC invocations=7 (full 0):
 garbage-first heap   total 131072K, used 18877K [0x0000000080000000, 0x0000000100000000)
  region size 1024K, 2 young (2048K), 2 survivors (2048K)
 Metaspace       used 25902K, capacity 26555K, committed 26752K, reserved 1073152K
  class space    used 3382K, capacity 3601K, committed 3712K, reserved 1048576K
}
Event: 7.386 GC heap before
{Heap before GC invocations=7 (full 0):
 garbage-first heap   total 131072K, used 77245K [0x0000000080000000, 0x0000000100000000)
  region size 1024K, 60 young (61440K), 2 survivors (2048K)
 Metaspace       used 34804K, capacity 35602K, committed 35840K, reserved 1081344K
  class space    used 4538K, capacity 4832K, committed 4864K, reserved 1048576K
}
Event: 7.395 GC heap after
{Heap after GC invocations=8 (full 0):
 garbage-first heap   total 131072K, used 22650K [0x0000000080000000, 0x0000000100000000)
  region size 1024K, 6 young (6144K), 6 survivors (6144K)
 Metaspace       used 34804K, capacity 35602K, committed 35840K, reserved 1081344K
  class space    used 4538K, capacity 4832K, committed 4864K, reserved 1048576K
}
Event: 7.448 GC heap before
{Heap before GC invocations=8 (full 0):
 garbage-first heap   total 131072K, used 22650K [0x0000000080000000, 0x0000000100000000)
  region size 1024K, 7 young (7168K), 6 survivors (6144K)
 Metaspace       used 35157K, capacity 35955K, committed 36048K, reserved 1081344K
  class space    used 4552K, capacity 4864K, committed 4864K, reserved 1048576K
}
Event: 7.460 GC heap after
{Heap after GC invocations=9 (full 0):
 garbage-first heap   total 131072K, used 22741K [0x0000000080000000, 0x0000000100000000)
  region size 1024K, 4 young (4096K), 4 survivors (4096K)
 Metaspace       used 35157K, capacity 35955K, committed 36048K, reserved 1081344K
  class space    used 4552K, capacity 4864K, committed 4864K, reserved 1048576K
}
Event: 8.695 GC heap before
{Heap before GC invocations=10 (full 0):
 garbage-first heap   total 131072K, used 79061K [0x0000000080000000, 0x0000000100000000)
  region size 1024K, 57 young (58368K), 4 survivors (4096K)
 Metaspace       used 39608K, capacity 40596K, committed 40784K, reserved 1085440K
  class space    used 5093K, capacity 5441K, committed 5504K, reserved 1048576K
}
Event: 8.706 GC heap after
{Heap after GC invocations=11 (full 0):
 garbage-first heap   total 131072K, used 26435K [0x0000000080000000, 0x0000000100000000)
  region size 1024K, 8 young (8192K), 8 survivors (8192K)
 Metaspace       used 39608K, capacity 40596K, committed 40784K, reserved 1085440K
  class space    used 5093K, capacity 5441K, committed 5504K, reserved 1048576K
}
Event: 9.966 GC heap before
{Heap before GC invocations=11 (full 0):
 garbage-first heap   total 131072K, used 83779K [0x0000000080000000, 0x0000000100000000)
  region size 1024K, 63 young (64512K), 8 survivors (8192K)
 Metaspace       used 43546K, capacity 44597K, committed 44880K, reserved 1087488K
  class space    used 5556K, capacity 5922K, committed 6016K, reserved 1048576K
}
Event: 9.982 GC heap after
{Heap after GC invocations=12 (full 0):
 garbage-first heap   total 157696K, used 28950K [0x0000000080000000, 0x0000000100000000)
  region size 1024K, 7 young (7168K), 7 survivors (7168K)
 Metaspace       used 43546K, capacity 44597K, committed 44880K, reserved 1087488K
  class space    used 5556K, capacity 5922K, committed 6016K, reserved 1048576K
}
Event: 17.389 GC heap before
{Heap before GC invocations=12 (full 0):
 garbage-first heap   total 157696K, used 105750K [0x0000000080000000, 0x0000000100000000)
  region size 1024K, 77 young (78848K), 7 survivors (7168K)
 Metaspace       used 47559K, capacity 48777K, committed 48976K, reserved 1091584K
  class space    used 6056K, capacity 6496K, committed 6528K, reserved 1048576K
}
Event: 17.407 GC heap after
{Heap after GC invocations=13 (full 0):
 garbage-first heap   total 157696K, used 43135K [0x0000000080000000, 0x0000000100000000)
  region size 1024K, 10 young (10240K), 10 survivors (10240K)
 Metaspace       used 47559K, capacity 48777K, committed 48976K, reserved 1091584K
  class space    used 6056K, capacity 6496K, committed 6528K, reserved 1048576K
}

